Analysis & Synthesis report for lab4-ECE385
Thu Feb 17 16:15:45 2022
Quartus Prime Version 18.1.0 Build 625 09/12/2018 SJ Lite Edition


---------------------
; Table of Contents ;
---------------------
  1. Legal Notice
  2. Analysis & Synthesis Summary
  3. Analysis & Synthesis Settings
  4. Parallel Compilation
  5. Analysis & Synthesis Source Files Read
  6. Analysis & Synthesis Resource Usage Summary
  7. Analysis & Synthesis Resource Utilization by Entity
  8. State Machine - |control|curr_state
  9. Registers Removed During Synthesis
 10. General Register Statistics
 11. Multiplexer Restructuring Statistics (Restructuring Performed)
 12. Port Connectivity Checks: "nineBitAdder:add"
 13. Port Connectivity Checks: "multiplexer:MP|negate:N0|fourbitRippleAdder:RA1"
 14. Port Connectivity Checks: "multiplexer:MP|negate:N0|fourbitRippleAdder:RA0"
 15. Port Connectivity Checks: "multiplexer:MP|negate:N0|full_adder:FA7"
 16. Port Connectivity Checks: "multiplexer:MP|negate:N0|full_adder:FA6"
 17. Port Connectivity Checks: "multiplexer:MP|negate:N0|full_adder:FA5"
 18. Port Connectivity Checks: "multiplexer:MP|negate:N0|full_adder:FA4"
 19. Port Connectivity Checks: "multiplexer:MP|negate:N0|full_adder:FA3"
 20. Port Connectivity Checks: "multiplexer:MP|negate:N0|full_adder:FA2"
 21. Port Connectivity Checks: "multiplexer:MP|negate:N0|full_adder:FA1"
 22. Port Connectivity Checks: "multiplexer:MP|negate:N0|full_adder:FA0"
 23. Port Connectivity Checks: "multiplexer:MP|negate:N0"
 24. Port Connectivity Checks: "reg_8:REG_B"
 25. Post-Synthesis Netlist Statistics for Top Partition
 26. Elapsed Time Per Partition
 27. Analysis & Synthesis Messages
 28. Analysis & Synthesis Suppressed Messages



----------------
; Legal Notice ;
----------------
Copyright (C) 2018  Intel Corporation. All rights reserved.
Your use of Intel Corporation's design tools, logic functions 
and other software and tools, and its AMPP partner logic 
functions, and any output files from any of the foregoing 
(including device programming or simulation files), and any 
associated documentation or information are expressly subject 
to the terms and conditions of the Intel Program License 
Subscription Agreement, the Intel Quartus Prime License Agreement,
the Intel FPGA IP License Agreement, or other applicable license
agreement, including, without limitation, that your use is for
the sole purpose of programming logic devices manufactured by
Intel and sold by Intel or its authorized distributors.  Please
refer to the applicable agreement for further details.



+----------------------------------------------------------------------------------+
; Analysis & Synthesis Summary                                                     ;
+------------------------------------+---------------------------------------------+
; Analysis & Synthesis Status        ; Successful - Thu Feb 17 16:15:45 2022       ;
; Quartus Prime Version              ; 18.1.0 Build 625 09/12/2018 SJ Lite Edition ;
; Revision Name                      ; lab4-ECE385                                 ;
; Top-level Entity Name              ; control                                     ;
; Family                             ; MAX 10                                      ;
; Total logic elements               ; 98                                          ;
;     Total combinational functions  ; 98                                          ;
;     Dedicated logic registers      ; 35                                          ;
; Total registers                    ; 35                                          ;
; Total pins                         ; 70                                          ;
; Total virtual pins                 ; 0                                           ;
; Total memory bits                  ; 0                                           ;
; Embedded Multiplier 9-bit elements ; 0                                           ;
; Total PLLs                         ; 0                                           ;
; UFM blocks                         ; 0                                           ;
; ADC blocks                         ; 0                                           ;
+------------------------------------+---------------------------------------------+


+------------------------------------------------------------------------------------------------------------+
; Analysis & Synthesis Settings                                                                              ;
+------------------------------------------------------------------+--------------------+--------------------+
; Option                                                           ; Setting            ; Default Value      ;
+------------------------------------------------------------------+--------------------+--------------------+
; Device                                                           ; 10M50DAF484C7G     ;                    ;
; Top-level entity name                                            ; control            ; lab4-ECE385        ;
; Family name                                                      ; MAX 10             ; Cyclone V          ;
; Use smart compilation                                            ; Off                ; Off                ;
; Enable parallel Assembler and Timing Analyzer during compilation ; On                 ; On                 ;
; Enable compact report table                                      ; Off                ; Off                ;
; Restructure Multiplexers                                         ; Auto               ; Auto               ;
; Create Debugging Nodes for IP Cores                              ; Off                ; Off                ;
; Preserve fewer node names                                        ; On                 ; On                 ;
; Intel FPGA IP Evaluation Mode                                    ; Enable             ; Enable             ;
; Verilog Version                                                  ; Verilog_2001       ; Verilog_2001       ;
; VHDL Version                                                     ; VHDL_1993          ; VHDL_1993          ;
; State Machine Processing                                         ; Auto               ; Auto               ;
; Safe State Machine                                               ; Off                ; Off                ;
; Extract Verilog State Machines                                   ; On                 ; On                 ;
; Extract VHDL State Machines                                      ; On                 ; On                 ;
; Ignore Verilog initial constructs                                ; Off                ; Off                ;
; Iteration limit for constant Verilog loops                       ; 5000               ; 5000               ;
; Iteration limit for non-constant Verilog loops                   ; 250                ; 250                ;
; Add Pass-Through Logic to Inferred RAMs                          ; On                 ; On                 ;
; Infer RAMs from Raw Logic                                        ; On                 ; On                 ;
; Parallel Synthesis                                               ; On                 ; On                 ;
; DSP Block Balancing                                              ; Auto               ; Auto               ;
; NOT Gate Push-Back                                               ; On                 ; On                 ;
; Power-Up Don't Care                                              ; On                 ; On                 ;
; Remove Redundant Logic Cells                                     ; Off                ; Off                ;
; Remove Duplicate Registers                                       ; On                 ; On                 ;
; Ignore CARRY Buffers                                             ; Off                ; Off                ;
; Ignore CASCADE Buffers                                           ; Off                ; Off                ;
; Ignore GLOBAL Buffers                                            ; Off                ; Off                ;
; Ignore ROW GLOBAL Buffers                                        ; Off                ; Off                ;
; Ignore LCELL Buffers                                             ; Off                ; Off                ;
; Ignore SOFT Buffers                                              ; On                 ; On                 ;
; Limit AHDL Integers to 32 Bits                                   ; Off                ; Off                ;
; Optimization Technique                                           ; Balanced           ; Balanced           ;
; Carry Chain Length                                               ; 70                 ; 70                 ;
; Auto Carry Chains                                                ; On                 ; On                 ;
; Auto Open-Drain Pins                                             ; On                 ; On                 ;
; Perform WYSIWYG Primitive Resynthesis                            ; Off                ; Off                ;
; Auto ROM Replacement                                             ; On                 ; On                 ;
; Auto RAM Replacement                                             ; On                 ; On                 ;
; Auto DSP Block Replacement                                       ; On                 ; On                 ;
; Auto Shift Register Replacement                                  ; Auto               ; Auto               ;
; Allow Shift Register Merging across Hierarchies                  ; Auto               ; Auto               ;
; Auto Clock Enable Replacement                                    ; On                 ; On                 ;
; Strict RAM Replacement                                           ; Off                ; Off                ;
; Allow Synchronous Control Signals                                ; On                 ; On                 ;
; Force Use of Synchronous Clear Signals                           ; Off                ; Off                ;
; Auto RAM Block Balancing                                         ; On                 ; On                 ;
; Auto RAM to Logic Cell Conversion                                ; Off                ; Off                ;
; Auto Resource Sharing                                            ; Off                ; Off                ;
; Allow Any RAM Size For Recognition                               ; Off                ; Off                ;
; Allow Any ROM Size For Recognition                               ; Off                ; Off                ;
; Allow Any Shift Register Size For Recognition                    ; Off                ; Off                ;
; Use LogicLock Constraints during Resource Balancing              ; On                 ; On                 ;
; Ignore translate_off and synthesis_off directives                ; Off                ; Off                ;
; Timing-Driven Synthesis                                          ; On                 ; On                 ;
; Report Parameter Settings                                        ; On                 ; On                 ;
; Report Source Assignments                                        ; On                 ; On                 ;
; Report Connectivity Checks                                       ; On                 ; On                 ;
; Ignore Maximum Fan-Out Assignments                               ; Off                ; Off                ;
; Synchronization Register Chain Length                            ; 2                  ; 2                  ;
; Power Optimization During Synthesis                              ; Normal compilation ; Normal compilation ;
; HDL message level                                                ; Level2             ; Level2             ;
; Suppress Register Optimization Related Messages                  ; Off                ; Off                ;
; Number of Removed Registers Reported in Synthesis Report         ; 5000               ; 5000               ;
; Number of Swept Nodes Reported in Synthesis Report               ; 5000               ; 5000               ;
; Number of Inverted Registers Reported in Synthesis Report        ; 100                ; 100                ;
; Clock MUX Protection                                             ; On                 ; On                 ;
; Auto Gated Clock Conversion                                      ; Off                ; Off                ;
; Block Design Naming                                              ; Auto               ; Auto               ;
; SDC constraint protection                                        ; Off                ; Off                ;
; Synthesis Effort                                                 ; Auto               ; Auto               ;
; Shift Register Replacement - Allow Asynchronous Clear Signal     ; On                 ; On                 ;
; Pre-Mapping Resynthesis Optimization                             ; Off                ; Off                ;
; Analysis & Synthesis Message Level                               ; Medium             ; Medium             ;
; Disable Register Merging Across Hierarchies                      ; Auto               ; Auto               ;
; Resource Aware Inference For Block RAM                           ; On                 ; On                 ;
+------------------------------------------------------------------+--------------------+--------------------+


+------------------------------------------+
; Parallel Compilation                     ;
+----------------------------+-------------+
; Processors                 ; Number      ;
+----------------------------+-------------+
; Number detected on machine ; 8           ;
; Maximum allowed            ; 4           ;
;                            ;             ;
; Average used               ; 1.00        ;
; Maximum used               ; 4           ;
;                            ;             ;
; Usage by Processor         ; % Time Used ;
;     Processor 1            ; 100.0%      ;
;     Processors 2-4         ;   0.0%      ;
+----------------------------+-------------+


+------------------------------------------------------------------------------------------------------------------------------------------------------------+
; Analysis & Synthesis Source Files Read                                                                                                                     ;
+----------------------------------+-----------------+------------------------------+--------------------------------------------------------------+---------+
; File Name with User-Entered Path ; Used in Netlist ; File Type                    ; File Name with Absolute Path                                 ; Library ;
+----------------------------------+-----------------+------------------------------+--------------------------------------------------------------+---------+
; HexDriver.sv                     ; yes             ; User SystemVerilog HDL File  ; C:/Users/alijh/Documents/ECE 385/lab4-ECE385/HexDriver.sv    ;         ;
; nineBitAdder.sv                  ; yes             ; User SystemVerilog HDL File  ; C:/Users/alijh/Documents/ECE 385/lab4-ECE385/nineBitAdder.sv ;         ;
; negate.sv                        ; yes             ; User SystemVerilog HDL File  ; C:/Users/alijh/Documents/ECE 385/lab4-ECE385/negate.sv       ;         ;
; multiplexer.sv                   ; yes             ; User SystemVerilog HDL File  ; C:/Users/alijh/Documents/ECE 385/lab4-ECE385/multiplexer.sv  ;         ;
; reg_8.sv                         ; yes             ; User SystemVerilog HDL File  ; C:/Users/alijh/Documents/ECE 385/lab4-ECE385/reg_8.sv        ;         ;
; control.sv                       ; yes             ; User SystemVerilog HDL File  ; C:/Users/alijh/Documents/ECE 385/lab4-ECE385/control.sv      ;         ;
; reg_1.sv                         ; yes             ; User SystemVerilog HDL File  ; C:/Users/alijh/Documents/ECE 385/lab4-ECE385/reg_1.sv        ;         ;
+----------------------------------+-----------------+------------------------------+--------------------------------------------------------------+---------+


+-----------------------------------------------------------+
; Analysis & Synthesis Resource Usage Summary               ;
+---------------------------------------------+-------------+
; Resource                                    ; Usage       ;
+---------------------------------------------+-------------+
; Estimated Total logic elements              ; 98          ;
;                                             ;             ;
; Total combinational functions               ; 98          ;
; Logic element usage by number of LUT inputs ;             ;
;     -- 4 input functions                    ; 62          ;
;     -- 3 input functions                    ; 21          ;
;     -- <=2 input functions                  ; 15          ;
;                                             ;             ;
; Logic elements by mode                      ;             ;
;     -- normal mode                          ; 98          ;
;     -- arithmetic mode                      ; 0           ;
;                                             ;             ;
; Total registers                             ; 35          ;
;     -- Dedicated logic registers            ; 35          ;
;     -- I/O registers                        ; 0           ;
;                                             ;             ;
; I/O pins                                    ; 70          ;
;                                             ;             ;
; Embedded Multiplier 9-bit elements          ; 0           ;
;                                             ;             ;
; Maximum fan-out node                        ; Reset~input ;
; Maximum fan-out                             ; 37          ;
; Total fan-out                               ; 566         ;
; Average fan-out                             ; 2.07        ;
+---------------------------------------------+-------------+


+-------------------------------------------------------------------------------------------------------------------------------------------------------------------------------------------------------------------------------------------------------------------------------------------+
; Analysis & Synthesis Resource Utilization by Entity                                                                                                                                                                                                                                       ;
+--------------------------------+---------------------+---------------------------+-------------+------------+--------------+---------+-----------+------+--------------+------------+-----------------------------------------------------------------+--------------------+--------------+
; Compilation Hierarchy Node     ; Combinational ALUTs ; Dedicated Logic Registers ; Memory Bits ; UFM Blocks ; DSP Elements ; DSP 9x9 ; DSP 18x18 ; Pins ; Virtual Pins ; ADC blocks ; Full Hierarchy Name                                             ; Entity Name        ; Library Name ;
+--------------------------------+---------------------+---------------------------+-------------+------------+--------------+---------+-----------+------+--------------+------------+-----------------------------------------------------------------+--------------------+--------------+
; |control                       ; 98 (22)             ; 35 (18)                   ; 0           ; 0          ; 0            ; 0       ; 0         ; 70   ; 0            ; 0          ; |control                                                        ; control            ; work         ;
;    |HexDriver:display[0]|      ; 7 (7)               ; 0 (0)                     ; 0           ; 0          ; 0            ; 0       ; 0         ; 0    ; 0            ; 0          ; |control|HexDriver:display[0]                                   ; HexDriver          ; work         ;
;    |HexDriver:display[1]|      ; 7 (7)               ; 0 (0)                     ; 0           ; 0          ; 0            ; 0       ; 0         ; 0    ; 0            ; 0          ; |control|HexDriver:display[1]                                   ; HexDriver          ; work         ;
;    |HexDriver:display[2]|      ; 7 (7)               ; 0 (0)                     ; 0           ; 0          ; 0            ; 0       ; 0         ; 0    ; 0            ; 0          ; |control|HexDriver:display[2]                                   ; HexDriver          ; work         ;
;    |HexDriver:display[3]|      ; 7 (7)               ; 0 (0)                     ; 0           ; 0          ; 0            ; 0       ; 0         ; 0    ; 0            ; 0          ; |control|HexDriver:display[3]                                   ; HexDriver          ; work         ;
;    |HexDriver:display[4]|      ; 7 (7)               ; 0 (0)                     ; 0           ; 0          ; 0            ; 0       ; 0         ; 0    ; 0            ; 0          ; |control|HexDriver:display[4]                                   ; HexDriver          ; work         ;
;    |HexDriver:display[5]|      ; 7 (7)               ; 0 (0)                     ; 0           ; 0          ; 0            ; 0       ; 0         ; 0    ; 0            ; 0          ; |control|HexDriver:display[5]                                   ; HexDriver          ; work         ;
;    |nineBitAdder:add|          ; 14 (0)              ; 0 (0)                     ; 0           ; 0          ; 0            ; 0       ; 0         ; 0    ; 0            ; 0          ; |control|nineBitAdder:add                                       ; nineBitAdder       ; work         ;
;       |fourbitRippleAdder:RA0| ; 7 (0)               ; 0 (0)                     ; 0           ; 0          ; 0            ; 0       ; 0         ; 0    ; 0            ; 0          ; |control|nineBitAdder:add|fourbitRippleAdder:RA0                ; fourbitRippleAdder ; work         ;
;          |full_adder:FA0|      ; 1 (1)               ; 0 (0)                     ; 0           ; 0          ; 0            ; 0       ; 0         ; 0    ; 0            ; 0          ; |control|nineBitAdder:add|fourbitRippleAdder:RA0|full_adder:FA0 ; full_adder         ; work         ;
;          |full_adder:FA1|      ; 2 (2)               ; 0 (0)                     ; 0           ; 0          ; 0            ; 0       ; 0         ; 0    ; 0            ; 0          ; |control|nineBitAdder:add|fourbitRippleAdder:RA0|full_adder:FA1 ; full_adder         ; work         ;
;          |full_adder:FA2|      ; 2 (2)               ; 0 (0)                     ; 0           ; 0          ; 0            ; 0       ; 0         ; 0    ; 0            ; 0          ; |control|nineBitAdder:add|fourbitRippleAdder:RA0|full_adder:FA2 ; full_adder         ; work         ;
;          |full_adder:FA3|      ; 2 (2)               ; 0 (0)                     ; 0           ; 0          ; 0            ; 0       ; 0         ; 0    ; 0            ; 0          ; |control|nineBitAdder:add|fourbitRippleAdder:RA0|full_adder:FA3 ; full_adder         ; work         ;
;       |fourbitRippleAdder:RA1| ; 7 (0)               ; 0 (0)                     ; 0           ; 0          ; 0            ; 0       ; 0         ; 0    ; 0            ; 0          ; |control|nineBitAdder:add|fourbitRippleAdder:RA1                ; fourbitRippleAdder ; work         ;
;          |full_adder:FA0|      ; 2 (2)               ; 0 (0)                     ; 0           ; 0          ; 0            ; 0       ; 0         ; 0    ; 0            ; 0          ; |control|nineBitAdder:add|fourbitRippleAdder:RA1|full_adder:FA0 ; full_adder         ; work         ;
;          |full_adder:FA1|      ; 2 (2)               ; 0 (0)                     ; 0           ; 0          ; 0            ; 0       ; 0         ; 0    ; 0            ; 0          ; |control|nineBitAdder:add|fourbitRippleAdder:RA1|full_adder:FA1 ; full_adder         ; work         ;
;          |full_adder:FA2|      ; 1 (1)               ; 0 (0)                     ; 0           ; 0          ; 0            ; 0       ; 0         ; 0    ; 0            ; 0          ; |control|nineBitAdder:add|fourbitRippleAdder:RA1|full_adder:FA2 ; full_adder         ; work         ;
;          |full_adder:FA3|      ; 2 (2)               ; 0 (0)                     ; 0           ; 0          ; 0            ; 0       ; 0         ; 0    ; 0            ; 0          ; |control|nineBitAdder:add|fourbitRippleAdder:RA1|full_adder:FA3 ; full_adder         ; work         ;
;    |reg_1:REG_X|               ; 1 (1)               ; 1 (1)                     ; 0           ; 0          ; 0            ; 0       ; 0         ; 0    ; 0            ; 0          ; |control|reg_1:REG_X                                            ; reg_1              ; work         ;
;    |reg_8:REG_A|               ; 10 (10)             ; 8 (8)                     ; 0           ; 0          ; 0            ; 0       ; 0         ; 0    ; 0            ; 0          ; |control|reg_8:REG_A                                            ; reg_8              ; work         ;
;    |reg_8:REG_B|               ; 9 (9)               ; 8 (8)                     ; 0           ; 0          ; 0            ; 0       ; 0         ; 0    ; 0            ; 0          ; |control|reg_8:REG_B                                            ; reg_8              ; work         ;
+--------------------------------+---------------------+---------------------------+-------------+------------+--------------+---------+-----------+------+--------------+------------+-----------------------------------------------------------------+--------------------+--------------+
Note: For table entries with two numbers listed, the numbers in parentheses indicate the number of resources of the given type used by the specific entity alone. The numbers listed outside of parentheses indicate the total resources of the given type used by the specific entity and all of its sub-entities in the hierarchy.


Encoding Type:  One-Hot
+--------------------------------------------------------------------------------------------------------------------------------------------------------------------------------------------------------------------------------------------------------------------------------------------+
; State Machine - |control|curr_state                                                                                                                                                                                                                                                        ;
+--------------+--------------+--------------+--------------+--------------+--------------+--------------+--------------+--------------+--------------+--------------+--------------+--------------+--------------+--------------+--------------+--------------+--------------+--------------+
; Name         ; curr_state.R ; curr_state.Q ; curr_state.P ; curr_state.O ; curr_state.N ; curr_state.M ; curr_state.L ; curr_state.K ; curr_state.J ; curr_state.I ; curr_state.H ; curr_state.G ; curr_state.F ; curr_state.E ; curr_state.D ; curr_state.C ; curr_state.B ; curr_state.A ;
+--------------+--------------+--------------+--------------+--------------+--------------+--------------+--------------+--------------+--------------+--------------+--------------+--------------+--------------+--------------+--------------+--------------+--------------+--------------+
; curr_state.A ; 0            ; 0            ; 0            ; 0            ; 0            ; 0            ; 0            ; 0            ; 0            ; 0            ; 0            ; 0            ; 0            ; 0            ; 0            ; 0            ; 0            ; 0            ;
; curr_state.B ; 0            ; 0            ; 0            ; 0            ; 0            ; 0            ; 0            ; 0            ; 0            ; 0            ; 0            ; 0            ; 0            ; 0            ; 0            ; 0            ; 1            ; 1            ;
; curr_state.C ; 0            ; 0            ; 0            ; 0            ; 0            ; 0            ; 0            ; 0            ; 0            ; 0            ; 0            ; 0            ; 0            ; 0            ; 0            ; 1            ; 0            ; 1            ;
; curr_state.D ; 0            ; 0            ; 0            ; 0            ; 0            ; 0            ; 0            ; 0            ; 0            ; 0            ; 0            ; 0            ; 0            ; 0            ; 1            ; 0            ; 0            ; 1            ;
; curr_state.E ; 0            ; 0            ; 0            ; 0            ; 0            ; 0            ; 0            ; 0            ; 0            ; 0            ; 0            ; 0            ; 0            ; 1            ; 0            ; 0            ; 0            ; 1            ;
; curr_state.F ; 0            ; 0            ; 0            ; 0            ; 0            ; 0            ; 0            ; 0            ; 0            ; 0            ; 0            ; 0            ; 1            ; 0            ; 0            ; 0            ; 0            ; 1            ;
; curr_state.G ; 0            ; 0            ; 0            ; 0            ; 0            ; 0            ; 0            ; 0            ; 0            ; 0            ; 0            ; 1            ; 0            ; 0            ; 0            ; 0            ; 0            ; 1            ;
; curr_state.H ; 0            ; 0            ; 0            ; 0            ; 0            ; 0            ; 0            ; 0            ; 0            ; 0            ; 1            ; 0            ; 0            ; 0            ; 0            ; 0            ; 0            ; 1            ;
; curr_state.I ; 0            ; 0            ; 0            ; 0            ; 0            ; 0            ; 0            ; 0            ; 0            ; 1            ; 0            ; 0            ; 0            ; 0            ; 0            ; 0            ; 0            ; 1            ;
; curr_state.J ; 0            ; 0            ; 0            ; 0            ; 0            ; 0            ; 0            ; 0            ; 1            ; 0            ; 0            ; 0            ; 0            ; 0            ; 0            ; 0            ; 0            ; 1            ;
; curr_state.K ; 0            ; 0            ; 0            ; 0            ; 0            ; 0            ; 0            ; 1            ; 0            ; 0            ; 0            ; 0            ; 0            ; 0            ; 0            ; 0            ; 0            ; 1            ;
; curr_state.L ; 0            ; 0            ; 0            ; 0            ; 0            ; 0            ; 1            ; 0            ; 0            ; 0            ; 0            ; 0            ; 0            ; 0            ; 0            ; 0            ; 0            ; 1            ;
; curr_state.M ; 0            ; 0            ; 0            ; 0            ; 0            ; 1            ; 0            ; 0            ; 0            ; 0            ; 0            ; 0            ; 0            ; 0            ; 0            ; 0            ; 0            ; 1            ;
; curr_state.N ; 0            ; 0            ; 0            ; 0            ; 1            ; 0            ; 0            ; 0            ; 0            ; 0            ; 0            ; 0            ; 0            ; 0            ; 0            ; 0            ; 0            ; 1            ;
; curr_state.O ; 0            ; 0            ; 0            ; 1            ; 0            ; 0            ; 0            ; 0            ; 0            ; 0            ; 0            ; 0            ; 0            ; 0            ; 0            ; 0            ; 0            ; 1            ;
; curr_state.P ; 0            ; 0            ; 1            ; 0            ; 0            ; 0            ; 0            ; 0            ; 0            ; 0            ; 0            ; 0            ; 0            ; 0            ; 0            ; 0            ; 0            ; 1            ;
; curr_state.Q ; 0            ; 1            ; 0            ; 0            ; 0            ; 0            ; 0            ; 0            ; 0            ; 0            ; 0            ; 0            ; 0            ; 0            ; 0            ; 0            ; 0            ; 1            ;
; curr_state.R ; 1            ; 0            ; 0            ; 0            ; 0            ; 0            ; 0            ; 0            ; 0            ; 0            ; 0            ; 0            ; 0            ; 0            ; 0            ; 0            ; 0            ; 1            ;
+--------------+--------------+--------------+--------------+--------------+--------------+--------------+--------------+--------------+--------------+--------------+--------------+--------------+--------------+--------------+--------------+--------------+--------------+--------------+


+------------------------------------------------------------+
; Registers Removed During Synthesis                         ;
+---------------------------------------+--------------------+
; Register name                         ; Reason for Removal ;
+---------------------------------------+--------------------+
; curr_state~2                          ; Lost fanout        ;
; curr_state~3                          ; Lost fanout        ;
; curr_state~4                          ; Lost fanout        ;
; curr_state~5                          ; Lost fanout        ;
; curr_state~6                          ; Lost fanout        ;
; Total Number of Removed Registers = 5 ;                    ;
+---------------------------------------+--------------------+


+------------------------------------------------------+
; General Register Statistics                          ;
+----------------------------------------------+-------+
; Statistic                                    ; Value ;
+----------------------------------------------+-------+
; Total registers                              ; 35    ;
; Number of registers using Synchronous Clear  ; 10    ;
; Number of registers using Synchronous Load   ; 0     ;
; Number of registers using Asynchronous Clear ; 0     ;
; Number of registers using Asynchronous Load  ; 0     ;
; Number of registers using Clock Enable       ; 16    ;
; Number of registers using Preset             ; 0     ;
+----------------------------------------------+-------+


+------------------------------------------------------------------------------------------------------------------------------------------------+
; Multiplexer Restructuring Statistics (Restructuring Performed)                                                                                 ;
+--------------------+-----------+---------------+----------------------+------------------------+------------+----------------------------------+
; Multiplexer Inputs ; Bus Width ; Baseline Area ; Area if Restructured ; Saving if Restructured ; Registered ; Example Multiplexer Output       ;
+--------------------+-----------+---------------+----------------------+------------------------+------------+----------------------------------+
; 3:1                ; 8 bits    ; 16 LEs        ; 8 LEs                ; 8 LEs                  ; Yes        ; |control|reg_8:REG_B|Data_Out[6] ;
; 4:1                ; 8 bits    ; 16 LEs        ; 16 LEs               ; 0 LEs                  ; Yes        ; |control|reg_8:REG_A|Data_Out[2] ;
+--------------------+-----------+---------------+----------------------+------------------------+------------+----------------------------------+


+----------------------------------------------------------------------------------------------------------------+
; Port Connectivity Checks: "nineBitAdder:add"                                                                   ;
+------+--------+----------+-------------------------------------------------------------------------------------+
; Port ; Type   ; Severity ; Details                                                                             ;
+------+--------+----------+-------------------------------------------------------------------------------------+
; X    ; Output ; Info     ; Connected to dangling logic. Logic that only feeds a dangling port will be removed. ;
+------+--------+----------+-------------------------------------------------------------------------------------+


+----------------------------------------------------------------------------------------------------------------+
; Port Connectivity Checks: "multiplexer:MP|negate:N0|fourbitRippleAdder:RA1"                                    ;
+------+--------+----------+-------------------------------------------------------------------------------------+
; Port ; Type   ; Severity ; Details                                                                             ;
+------+--------+----------+-------------------------------------------------------------------------------------+
; B    ; Input  ; Info     ; Stuck at GND                                                                        ;
; cout ; Output ; Info     ; Connected to dangling logic. Logic that only feeds a dangling port will be removed. ;
+------+--------+----------+-------------------------------------------------------------------------------------+


+-----------------------------------------------------------------------------+
; Port Connectivity Checks: "multiplexer:MP|negate:N0|fourbitRippleAdder:RA0" ;
+---------+-------+----------+------------------------------------------------+
; Port    ; Type  ; Severity ; Details                                        ;
+---------+-------+----------+------------------------------------------------+
; B[3..1] ; Input ; Info     ; Stuck at GND                                   ;
; B[0]    ; Input ; Info     ; Stuck at VCC                                   ;
; cin     ; Input ; Info     ; Stuck at GND                                   ;
+---------+-------+----------+------------------------------------------------+


+----------------------------------------------------------------------------------------------------------------+
; Port Connectivity Checks: "multiplexer:MP|negate:N0|full_adder:FA7"                                            ;
+------+--------+----------+-------------------------------------------------------------------------------------+
; Port ; Type   ; Severity ; Details                                                                             ;
+------+--------+----------+-------------------------------------------------------------------------------------+
; y    ; Input  ; Info     ; Stuck at VCC                                                                        ;
; z    ; Input  ; Info     ; Stuck at GND                                                                        ;
; c    ; Output ; Info     ; Connected to dangling logic. Logic that only feeds a dangling port will be removed. ;
+------+--------+----------+-------------------------------------------------------------------------------------+


+----------------------------------------------------------------------------------------------------------------+
; Port Connectivity Checks: "multiplexer:MP|negate:N0|full_adder:FA6"                                            ;
+------+--------+----------+-------------------------------------------------------------------------------------+
; Port ; Type   ; Severity ; Details                                                                             ;
+------+--------+----------+-------------------------------------------------------------------------------------+
; y    ; Input  ; Info     ; Stuck at VCC                                                                        ;
; z    ; Input  ; Info     ; Stuck at GND                                                                        ;
; c    ; Output ; Info     ; Connected to dangling logic. Logic that only feeds a dangling port will be removed. ;
+------+--------+----------+-------------------------------------------------------------------------------------+


+----------------------------------------------------------------------------------------------------------------+
; Port Connectivity Checks: "multiplexer:MP|negate:N0|full_adder:FA5"                                            ;
+------+--------+----------+-------------------------------------------------------------------------------------+
; Port ; Type   ; Severity ; Details                                                                             ;
+------+--------+----------+-------------------------------------------------------------------------------------+
; y    ; Input  ; Info     ; Stuck at VCC                                                                        ;
; z    ; Input  ; Info     ; Stuck at GND                                                                        ;
; c    ; Output ; Info     ; Connected to dangling logic. Logic that only feeds a dangling port will be removed. ;
+------+--------+----------+-------------------------------------------------------------------------------------+


+----------------------------------------------------------------------------------------------------------------+
; Port Connectivity Checks: "multiplexer:MP|negate:N0|full_adder:FA4"                                            ;
+------+--------+----------+-------------------------------------------------------------------------------------+
; Port ; Type   ; Severity ; Details                                                                             ;
+------+--------+----------+-------------------------------------------------------------------------------------+
; y    ; Input  ; Info     ; Stuck at VCC                                                                        ;
; z    ; Input  ; Info     ; Stuck at GND                                                                        ;
; c    ; Output ; Info     ; Connected to dangling logic. Logic that only feeds a dangling port will be removed. ;
+------+--------+----------+-------------------------------------------------------------------------------------+


+----------------------------------------------------------------------------------------------------------------+
; Port Connectivity Checks: "multiplexer:MP|negate:N0|full_adder:FA3"                                            ;
+------+--------+----------+-------------------------------------------------------------------------------------+
; Port ; Type   ; Severity ; Details                                                                             ;
+------+--------+----------+-------------------------------------------------------------------------------------+
; y    ; Input  ; Info     ; Stuck at VCC                                                                        ;
; z    ; Input  ; Info     ; Stuck at GND                                                                        ;
; c    ; Output ; Info     ; Connected to dangling logic. Logic that only feeds a dangling port will be removed. ;
+------+--------+----------+-------------------------------------------------------------------------------------+


+----------------------------------------------------------------------------------------------------------------+
; Port Connectivity Checks: "multiplexer:MP|negate:N0|full_adder:FA2"                                            ;
+------+--------+----------+-------------------------------------------------------------------------------------+
; Port ; Type   ; Severity ; Details                                                                             ;
+------+--------+----------+-------------------------------------------------------------------------------------+
; y    ; Input  ; Info     ; Stuck at VCC                                                                        ;
; z    ; Input  ; Info     ; Stuck at GND                                                                        ;
; c    ; Output ; Info     ; Connected to dangling logic. Logic that only feeds a dangling port will be removed. ;
+------+--------+----------+-------------------------------------------------------------------------------------+


+----------------------------------------------------------------------------------------------------------------+
; Port Connectivity Checks: "multiplexer:MP|negate:N0|full_adder:FA1"                                            ;
+------+--------+----------+-------------------------------------------------------------------------------------+
; Port ; Type   ; Severity ; Details                                                                             ;
+------+--------+----------+-------------------------------------------------------------------------------------+
; y    ; Input  ; Info     ; Stuck at VCC                                                                        ;
; z    ; Input  ; Info     ; Stuck at GND                                                                        ;
; c    ; Output ; Info     ; Connected to dangling logic. Logic that only feeds a dangling port will be removed. ;
+------+--------+----------+-------------------------------------------------------------------------------------+


+----------------------------------------------------------------------------------------------------------------+
; Port Connectivity Checks: "multiplexer:MP|negate:N0|full_adder:FA0"                                            ;
+------+--------+----------+-------------------------------------------------------------------------------------+
; Port ; Type   ; Severity ; Details                                                                             ;
+------+--------+----------+-------------------------------------------------------------------------------------+
; y    ; Input  ; Info     ; Stuck at VCC                                                                        ;
; z    ; Input  ; Info     ; Stuck at GND                                                                        ;
; c    ; Output ; Info     ; Connected to dangling logic. Logic that only feeds a dangling port will be removed. ;
+------+--------+----------+-------------------------------------------------------------------------------------+


+----------------------------------------------------------------------------------------------------------------+
; Port Connectivity Checks: "multiplexer:MP|negate:N0"                                                           ;
+------+--------+----------+-------------------------------------------------------------------------------------+
; Port ; Type   ; Severity ; Details                                                                             ;
+------+--------+----------+-------------------------------------------------------------------------------------+
; out0 ; Output ; Info     ; Connected to dangling logic. Logic that only feeds a dangling port will be removed. ;
+------+--------+----------+-------------------------------------------------------------------------------------+


+---------------------------------------------------------------------------------------------------------------------+
; Port Connectivity Checks: "reg_8:REG_B"                                                                             ;
+-----------+--------+----------+-------------------------------------------------------------------------------------+
; Port      ; Type   ; Severity ; Details                                                                             ;
+-----------+--------+----------+-------------------------------------------------------------------------------------+
; Reset     ; Input  ; Info     ; Stuck at GND                                                                        ;
; Shift_Out ; Output ; Info     ; Connected to dangling logic. Logic that only feeds a dangling port will be removed. ;
+-----------+--------+----------+-------------------------------------------------------------------------------------+


+-----------------------------------------------------+
; Post-Synthesis Netlist Statistics for Top Partition ;
+-----------------------+-----------------------------+
; Type                  ; Count                       ;
+-----------------------+-----------------------------+
; boundary_port         ; 70                          ;
; cycloneiii_ff         ; 35                          ;
;     ENA               ; 8                           ;
;     ENA SCLR          ; 8                           ;
;     SCLR              ; 2                           ;
;     plain             ; 17                          ;
; cycloneiii_lcell_comb ; 104                         ;
;     normal            ; 104                         ;
;         1 data inputs ; 6                           ;
;         2 data inputs ; 15                          ;
;         3 data inputs ; 21                          ;
;         4 data inputs ; 62                          ;
;                       ;                             ;
; Max LUT depth         ; 9.00                        ;
; Average LUT depth     ; 2.73                        ;
+-----------------------+-----------------------------+


+-------------------------------+
; Elapsed Time Per Partition    ;
+----------------+--------------+
; Partition Name ; Elapsed Time ;
+----------------+--------------+
; Top            ; 00:00:01     ;
+----------------+--------------+


+-------------------------------+
; Analysis & Synthesis Messages ;
+-------------------------------+
Info: *******************************************************************
Info: Running Quartus Prime Analysis & Synthesis
    Info: Version 18.1.0 Build 625 09/12/2018 SJ Lite Edition
    Info: Processing started: Thu Feb 17 16:15:21 2022
Info: Command: quartus_map --read_settings_files=on --write_settings_files=off lab4-ECE385 -c lab4-ECE385
Warning (18236): Number of processors has not been specified which may cause overloading on shared machines.  Set the global assignment NUM_PARALLEL_PROCESSORS in your QSF to an appropriate value for best performance.
Info (20030): Parallel compilation is enabled and will use 4 of the 4 processors detected
Info (12021): Found 1 design units, including 1 entities, in source file hexdriver.sv
    Info (12023): Found entity 1: HexDriver File: C:/Users/alijh/Documents/ECE 385/lab4-ECE385/HexDriver.sv Line: 1
Info (12021): Found 3 design units, including 3 entities, in source file ninebitadder.sv
    Info (12023): Found entity 1: full_adder File: C:/Users/alijh/Documents/ECE 385/lab4-ECE385/nineBitAdder.sv Line: 1
    Info (12023): Found entity 2: fourbitRippleAdder File: C:/Users/alijh/Documents/ECE 385/lab4-ECE385/nineBitAdder.sv Line: 9
    Info (12023): Found entity 3: nineBitAdder File: C:/Users/alijh/Documents/ECE 385/lab4-ECE385/nineBitAdder.sv Line: 24
Info (12021): Found 1 design units, including 1 entities, in source file negate.sv
    Info (12023): Found entity 1: negate File: C:/Users/alijh/Documents/ECE 385/lab4-ECE385/negate.sv Line: 1
Info (12021): Found 1 design units, including 1 entities, in source file multiplexer.sv
    Info (12023): Found entity 1: multiplexer File: C:/Users/alijh/Documents/ECE 385/lab4-ECE385/multiplexer.sv Line: 1
Info (12021): Found 1 design units, including 1 entities, in source file reg_8.sv
    Info (12023): Found entity 1: reg_8 File: C:/Users/alijh/Documents/ECE 385/lab4-ECE385/reg_8.sv Line: 1
Info (12021): Found 1 design units, including 1 entities, in source file control.sv
    Info (12023): Found entity 1: control File: C:/Users/alijh/Documents/ECE 385/lab4-ECE385/control.sv Line: 3
Info (12021): Found 1 design units, including 1 entities, in source file reg_1.sv
    Info (12023): Found entity 1: reg_1 File: C:/Users/alijh/Documents/ECE 385/lab4-ECE385/reg_1.sv Line: 24
Info (12021): Found 1 design units, including 1 entities, in source file testbench_1.sv
    Info (12023): Found entity 1: testbench_1 File: C:/Users/alijh/Documents/ECE 385/lab4-ECE385/testbench_1.sv Line: 1
Info (12021): Found 1 design units, including 1 entities, in source file processor.sv
    Info (12023): Found entity 1: Processor File: C:/Users/alijh/Documents/ECE 385/lab4-ECE385/Processor.sv Line: 1
Info (12127): Elaborating entity "control" for the top level hierarchy
Info (10264): Verilog HDL Case Statement information at control.sv(64): all case item expressions in this case statement are onehot File: C:/Users/alijh/Documents/ECE 385/lab4-ECE385/control.sv Line: 64
Info (12128): Elaborating entity "reg_1" for hierarchy "reg_1:REG_X" File: C:/Users/alijh/Documents/ECE 385/lab4-ECE385/control.sv Line: 215
Info (12128): Elaborating entity "reg_8" for hierarchy "reg_8:REG_A" File: C:/Users/alijh/Documents/ECE 385/lab4-ECE385/control.sv Line: 218
Info (12128): Elaborating entity "multiplexer" for hierarchy "multiplexer:MP" File: C:/Users/alijh/Documents/ECE 385/lab4-ECE385/control.sv Line: 225
Info (12128): Elaborating entity "negate" for hierarchy "multiplexer:MP|negate:N0" File: C:/Users/alijh/Documents/ECE 385/lab4-ECE385/multiplexer.sv Line: 5
Info (12128): Elaborating entity "full_adder" for hierarchy "multiplexer:MP|negate:N0|full_adder:FA0" File: C:/Users/alijh/Documents/ECE 385/lab4-ECE385/negate.sv Line: 6
Info (12128): Elaborating entity "fourbitRippleAdder" for hierarchy "multiplexer:MP|negate:N0|fourbitRippleAdder:RA0" File: C:/Users/alijh/Documents/ECE 385/lab4-ECE385/negate.sv Line: 18
Info (12128): Elaborating entity "nineBitAdder" for hierarchy "nineBitAdder:add" File: C:/Users/alijh/Documents/ECE 385/lab4-ECE385/control.sv Line: 227
Info (12128): Elaborating entity "HexDriver" for hierarchy "HexDriver:display[0]" File: C:/Users/alijh/Documents/ECE 385/lab4-ECE385/control.sv Line: 238
Info (286030): Timing-Driven Synthesis is running
Info (17049): 5 registers lost all their fanouts during netlist optimizations.
Info (144001): Generated suppressed messages file C:/Users/alijh/Documents/ECE 385/lab4-ECE385/output_files/lab4-ECE385.map.smsg
Info (16010): Generating hard_block partition "hard_block:auto_generated_inst"
    Info (16011): Adding 0 node(s), including 0 DDIO, 0 PLL, 0 transceiver and 0 LCELL
Info (21057): Implemented 168 device resources after synthesis - the final resource count might be different
    Info (21058): Implemented 11 input pins
    Info (21059): Implemented 59 output pins
    Info (21061): Implemented 98 logic cells
Info: Quartus Prime Analysis & Synthesis was successful. 0 errors, 1 warning
    Info: Peak virtual memory: 4764 megabytes
    Info: Processing ended: Thu Feb 17 16:15:45 2022
    Info: Elapsed time: 00:00:24
    Info: Total CPU time (on all processors): 00:00:56


+------------------------------------------+
; Analysis & Synthesis Suppressed Messages ;
+------------------------------------------+
The suppressed messages can be found in C:/Users/alijh/Documents/ECE 385/lab4-ECE385/output_files/lab4-ECE385.map.smsg.


